This file contains any messages produced by compilers while
running configure, to aid debugging if configure makes a mistake.

It was created by xapian-examples configure 0.8.5, which was
generated by GNU Autoconf 2.59.  Invocation command line was

  $ ./configure 

## --------- ##
## Platform. ##
## --------- ##

hostname = u15176692.onlinehome-server.com
uname -m = i686
uname -r = 2.6.9-041221
uname -s = Linux
uname -v = #1 SMP Tue Dec 21 16:00:43 CET 2004

/usr/bin/uname -p = unknown
/bin/uname -X     = unknown

/bin/arch              = i686
/usr/bin/arch -k       = unknown
/usr/convex/getsysinfo = unknown
hostinfo               = unknown
/bin/machine           = unknown
/usr/bin/oslevel       = unknown
/bin/universe          = unknown

PATH: /usr/lib/courier-imap/bin
PATH: /usr/local/bin
PATH: /bin
PATH: /usr/bin
PATH: /usr/X11R6/bin
PATH: /home/philip/bin


## ----------- ##
## Core tests. ##
## ----------- ##

configure:1553: checking for a BSD-compatible install
configure:1608: result: /usr/bin/install -c
configure:1619: checking whether build environment is sane
configure:1662: result: yes
configure:1719: checking for gawk
configure:1735: found /bin/gawk
configure:1745: result: gawk
configure:1755: checking whether make sets $(MAKE)
configure:1775: result: yes
configure:2022: checking build system type
configure:2040: result: i686-pc-linux-gnu
configure:2048: checking host system type
configure:2062: result: i686-pc-linux-gnu
configure:2082: checking for style of include used by make
configure:2110: result: GNU
configure:2181: checking for gcc
configure:2197: found /usr/bin/gcc
configure:2207: result: gcc
configure:2451: checking for C compiler version
configure:2454: gcc --version </dev/null >&5
gcc (GCC) 3.3.3 20040412 (Red Hat Linux 3.3.3-7)
Copyright (C) 2003 Free Software Foundation, Inc.
This is free software; see the source for copying conditions.  There is NO
warranty; not even for MERCHANTABILITY or FITNESS FOR A PARTICULAR PURPOSE.

configure:2457: $? = 0
configure:2459: gcc -v </dev/null >&5
Reading specs from /usr/lib/gcc-lib/i386-redhat-linux/3.3.3/specs
Configured with: ../configure --prefix=/usr --mandir=/usr/share/man --infodir=/usr/share/info --enable-shared --enable-threads=posix --disable-checking --disable-libunwind-exceptions --with-system-zlib --enable-__cxa_atexit --host=i386-redhat-linux
Thread model: posix
gcc version 3.3.3 20040412 (Red Hat Linux 3.3.3-7)
configure:2462: $? = 0
configure:2464: gcc -V </dev/null >&5
gcc: `-V' option must have argument
configure:2467: $? = 1
configure:2490: checking for C compiler default output file name
configure:2493: gcc    conftest.c  >&5
configure:2496: $? = 0
configure:2542: result: a.out
configure:2547: checking whether the C compiler works
configure:2553: ./a.out
configure:2556: $? = 0
configure:2573: result: yes
configure:2580: checking whether we are cross compiling
configure:2582: result: no
configure:2585: checking for suffix of executables
configure:2587: gcc -o conftest    conftest.c  >&5
configure:2590: $? = 0
configure:2615: result: 
configure:2621: checking for suffix of object files
configure:2642: gcc -c   conftest.c >&5
configure:2645: $? = 0
configure:2667: result: o
configure:2671: checking whether we are using the GNU C compiler
configure:2695: gcc -c   conftest.c >&5
configure:2701: $? = 0
configure:2705: test -z 
			 || test ! -s conftest.err
configure:2708: $? = 0
configure:2711: test -s conftest.o
configure:2714: $? = 0
configure:2727: result: yes
configure:2733: checking whether gcc accepts -g
configure:2754: gcc -c -g  conftest.c >&5
configure:2760: $? = 0
configure:2764: test -z 
			 || test ! -s conftest.err
configure:2767: $? = 0
configure:2770: test -s conftest.o
configure:2773: $? = 0
configure:2784: result: yes
configure:2801: checking for gcc option to accept ANSI C
configure:2871: gcc  -c -g -O2  conftest.c >&5
configure:2877: $? = 0
configure:2881: test -z 
			 || test ! -s conftest.err
configure:2884: $? = 0
configure:2887: test -s conftest.o
configure:2890: $? = 0
configure:2908: result: none needed
configure:2926: gcc -c -g -O2  conftest.c >&5
conftest.c:2: error: syntax error before "me"
configure:2932: $? = 1
configure: failed program was:
| #ifndef __cplusplus
|   choke me
| #endif
configure:3067: checking dependency style of gcc
configure:3157: result: gcc3
configure:3174: checking for a sed that does not truncate output
configure:3228: result: /bin/sed
configure:3231: checking for egrep
configure:3241: result: grep -E
configure:3257: checking for ld used by gcc
configure:3324: result: /usr/bin/ld
configure:3333: checking if the linker (/usr/bin/ld) is GNU ld
configure:3348: result: yes
configure:3353: checking for /usr/bin/ld option to reload object files
configure:3360: result: -r
configure:3378: checking for BSD-compatible nm
configure:3420: result: /usr/bin/nm -B
configure:3424: checking whether ln -s works
configure:3428: result: yes
configure:3435: checking how to recognise dependent libraries
configure:3616: result: pass_all
configure:3830: checking how to run the C preprocessor
configure:3865: gcc -E  conftest.c
configure:3871: $? = 0
configure:3903: gcc -E  conftest.c
conftest.c:11:28: ac_nonexistent.h: No such file or directory
configure:3909: $? = 1
configure: failed program was:
| /* confdefs.h.  */
| 
| #define PACKAGE_NAME "xapian-examples"
| #define PACKAGE_TARNAME "xapian-examples"
| #define PACKAGE_VERSION "0.8.5"
| #define PACKAGE_STRING "xapian-examples 0.8.5"
| #define PACKAGE_BUGREPORT ""
| #define PACKAGE "xapian-examples"
| #define VERSION "0.8.5"
| /* end confdefs.h.  */
| #include <ac_nonexistent.h>
configure:3948: result: gcc -E
configure:3972: gcc -E  conftest.c
configure:3978: $? = 0
configure:4010: gcc -E  conftest.c
conftest.c:11:28: ac_nonexistent.h: No such file or directory
configure:4016: $? = 1
configure: failed program was:
| /* confdefs.h.  */
| 
| #define PACKAGE_NAME "xapian-examples"
| #define PACKAGE_TARNAME "xapian-examples"
| #define PACKAGE_VERSION "0.8.5"
| #define PACKAGE_STRING "xapian-examples 0.8.5"
| #define PACKAGE_BUGREPORT ""
| #define PACKAGE "xapian-examples"
| #define VERSION "0.8.5"
| /* end confdefs.h.  */
| #include <ac_nonexistent.h>
configure:4060: checking for ANSI C header files
configure:4085: gcc -c -g -O2  conftest.c >&5
configure:4091: $? = 0
configure:4095: test -z 
			 || test ! -s conftest.err
configure:4098: $? = 0
configure:4101: test -s conftest.o
configure:4104: $? = 0
configure:4190: gcc -o conftest -g -O2   conftest.c  >&5
configure:4193: $? = 0
configure:4195: ./conftest
configure:4198: $? = 0
configure:4213: result: yes
configure:4237: checking for sys/types.h
configure:4253: gcc -c -g -O2  conftest.c >&5
configure:4259: $? = 0
configure:4263: test -z 
			 || test ! -s conftest.err
configure:4266: $? = 0
configure:4269: test -s conftest.o
configure:4272: $? = 0
configure:4283: result: yes
configure:4237: checking for sys/stat.h
configure:4253: gcc -c -g -O2  conftest.c >&5
configure:4259: $? = 0
configure:4263: test -z 
			 || test ! -s conftest.err
configure:4266: $? = 0
configure:4269: test -s conftest.o
configure:4272: $? = 0
configure:4283: result: yes
configure:4237: checking for stdlib.h
configure:4253: gcc -c -g -O2  conftest.c >&5
configure:4259: $? = 0
configure:4263: test -z 
			 || test ! -s conftest.err
configure:4266: $? = 0
configure:4269: test -s conftest.o
configure:4272: $? = 0
configure:4283: result: yes
configure:4237: checking for string.h
configure:4253: gcc -c -g -O2  conftest.c >&5
configure:4259: $? = 0
configure:4263: test -z 
			 || test ! -s conftest.err
configure:4266: $? = 0
configure:4269: test -s conftest.o
configure:4272: $? = 0
configure:4283: result: yes
configure:4237: checking for memory.h
configure:4253: gcc -c -g -O2  conftest.c >&5
configure:4259: $? = 0
configure:4263: test -z 
			 || test ! -s conftest.err
configure:4266: $? = 0
configure:4269: test -s conftest.o
configure:4272: $? = 0
configure:4283: result: yes
configure:4237: checking for strings.h
configure:4253: gcc -c -g -O2  conftest.c >&5
configure:4259: $? = 0
configure:4263: test -z 
			 || test ! -s conftest.err
configure:4266: $? = 0
configure:4269: test -s conftest.o
configure:4272: $? = 0
configure:4283: result: yes
configure:4237: checking for inttypes.h
configure:4253: gcc -c -g -O2  conftest.c >&5
configure:4259: $? = 0
configure:4263: test -z 
			 || test ! -s conftest.err
configure:4266: $? = 0
configure:4269: test -s conftest.o
configure:4272: $? = 0
configure:4283: result: yes
configure:4237: checking for stdint.h
configure:4253: gcc -c -g -O2  conftest.c >&5
configure:4259: $? = 0
configure:4263: test -z 
			 || test ! -s conftest.err
configure:4266: $? = 0
configure:4269: test -s conftest.o
configure:4272: $? = 0
configure:4283: result: yes
configure:4237: checking for unistd.h
configure:4253: gcc -c -g -O2  conftest.c >&5
configure:4259: $? = 0
configure:4263: test -z 
			 || test ! -s conftest.err
configure:4266: $? = 0
configure:4269: test -s conftest.o
configure:4272: $? = 0
configure:4283: result: yes
configure:4309: checking dlfcn.h usability
configure:4321: gcc -c -g -O2  conftest.c >&5
configure:4327: $? = 0
configure:4331: test -z 
			 || test ! -s conftest.err
configure:4334: $? = 0
configure:4337: test -s conftest.o
configure:4340: $? = 0
configure:4350: result: yes
configure:4354: checking dlfcn.h presence
configure:4364: gcc -E  conftest.c
configure:4370: $? = 0
configure:4390: result: yes
configure:4425: checking for dlfcn.h
configure:4432: result: yes
configure:4497: checking for g++
configure:4513: found /usr/bin/g++
configure:4523: result: g++
configure:4539: checking for C++ compiler version
configure:4542: g++ --version </dev/null >&5
g++ (GCC) 3.3.3 20040412 (Red Hat Linux 3.3.3-7)
Copyright (C) 2003 Free Software Foundation, Inc.
This is free software; see the source for copying conditions.  There is NO
warranty; not even for MERCHANTABILITY or FITNESS FOR A PARTICULAR PURPOSE.

configure:4545: $? = 0
configure:4547: g++ -v </dev/null >&5
Reading specs from /usr/lib/gcc-lib/i386-redhat-linux/3.3.3/specs
Configured with: ../configure --prefix=/usr --mandir=/usr/share/man --infodir=/usr/share/info --enable-shared --enable-threads=posix --disable-checking --disable-libunwind-exceptions --with-system-zlib --enable-__cxa_atexit --host=i386-redhat-linux
Thread model: posix
gcc version 3.3.3 20040412 (Red Hat Linux 3.3.3-7)
configure:4550: $? = 0
configure:4552: g++ -V </dev/null >&5
g++: `-V' option must have argument
configure:4555: $? = 1
configure:4558: checking whether we are using the GNU C++ compiler
configure:4582: g++ -c   conftest.cc >&5
configure:4588: $? = 0
configure:4592: test -z 
			 || test ! -s conftest.err
configure:4595: $? = 0
configure:4598: test -s conftest.o
configure:4601: $? = 0
configure:4614: result: yes
configure:4620: checking whether g++ accepts -g
configure:4641: g++ -c -g  conftest.cc >&5
configure:4647: $? = 0
configure:4651: test -z 
			 || test ! -s conftest.err
configure:4654: $? = 0
configure:4657: test -s conftest.o
configure:4660: $? = 0
configure:4671: result: yes
configure:4713: g++ -c -g -O2  conftest.cc >&5
configure:4719: $? = 0
configure:4723: test -z 
			 || test ! -s conftest.err
configure:4726: $? = 0
configure:4729: test -s conftest.o
configure:4732: $? = 0
configure:4758: g++ -c -g -O2  conftest.cc >&5
conftest.cc: In function `int main()':
conftest.cc:26: error: `exit' undeclared (first use this function)
conftest.cc:26: error: (Each undeclared identifier is reported only once for 
   each function it appears in.)
configure:4764: $? = 1
configure: failed program was:
| /* confdefs.h.  */
| 
| #define PACKAGE_NAME "xapian-examples"
| #define PACKAGE_TARNAME "xapian-examples"
| #define PACKAGE_VERSION "0.8.5"
| #define PACKAGE_STRING "xapian-examples 0.8.5"
| #define PACKAGE_BUGREPORT ""
| #define PACKAGE "xapian-examples"
| #define VERSION "0.8.5"
| #define STDC_HEADERS 1
| #define HAVE_SYS_TYPES_H 1
| #define HAVE_SYS_STAT_H 1
| #define HAVE_STDLIB_H 1
| #define HAVE_STRING_H 1
| #define HAVE_MEMORY_H 1
| #define HAVE_STRINGS_H 1
| #define HAVE_INTTYPES_H 1
| #define HAVE_STDINT_H 1
| #define HAVE_UNISTD_H 1
| #define HAVE_DLFCN_H 1
| /* end confdefs.h.  */
| 
| int
| main ()
| {
| exit (42);
|   ;
|   return 0;
| }
configure:4713: g++ -c -g -O2  conftest.cc >&5
configure:4719: $? = 0
configure:4723: test -z 
			 || test ! -s conftest.err
configure:4726: $? = 0
configure:4729: test -s conftest.o
configure:4732: $? = 0
configure:4758: g++ -c -g -O2  conftest.cc >&5
configure:4764: $? = 0
configure:4768: test -z 
			 || test ! -s conftest.err
configure:4771: $? = 0
configure:4774: test -s conftest.o
configure:4777: $? = 0
configure:4802: checking dependency style of g++
configure:4892: result: gcc3
configure:4914: checking how to run the C++ preprocessor
configure:4945: g++ -E  conftest.cc
configure:4951: $? = 0
configure:4983: g++ -E  conftest.cc
conftest.cc:25:28: ac_nonexistent.h: No such file or directory
configure:4989: $? = 1
configure: failed program was:
| /* confdefs.h.  */
| 
| #define PACKAGE_NAME "xapian-examples"
| #define PACKAGE_TARNAME "xapian-examples"
| #define PACKAGE_VERSION "0.8.5"
| #define PACKAGE_STRING "xapian-examples 0.8.5"
| #define PACKAGE_BUGREPORT ""
| #define PACKAGE "xapian-examples"
| #define VERSION "0.8.5"
| #define STDC_HEADERS 1
| #define HAVE_SYS_TYPES_H 1
| #define HAVE_SYS_STAT_H 1
| #define HAVE_STDLIB_H 1
| #define HAVE_STRING_H 1
| #define HAVE_MEMORY_H 1
| #define HAVE_STRINGS_H 1
| #define HAVE_INTTYPES_H 1
| #define HAVE_STDINT_H 1
| #define HAVE_UNISTD_H 1
| #define HAVE_DLFCN_H 1
| #ifdef __cplusplus
| extern "C" void std::exit (int) throw (); using std::exit;
| #endif
| /* end confdefs.h.  */
| #include <ac_nonexistent.h>
configure:5028: result: g++ -E
configure:5052: g++ -E  conftest.cc
configure:5058: $? = 0
configure:5090: g++ -E  conftest.cc
conftest.cc:25:28: ac_nonexistent.h: No such file or directory
configure:5096: $? = 1
configure: failed program was:
| /* confdefs.h.  */
| 
| #define PACKAGE_NAME "xapian-examples"
| #define PACKAGE_TARNAME "xapian-examples"
| #define PACKAGE_VERSION "0.8.5"
| #define PACKAGE_STRING "xapian-examples 0.8.5"
| #define PACKAGE_BUGREPORT ""
| #define PACKAGE "xapian-examples"
| #define VERSION "0.8.5"
| #define STDC_HEADERS 1
| #define HAVE_SYS_TYPES_H 1
| #define HAVE_SYS_STAT_H 1
| #define HAVE_STDLIB_H 1
| #define HAVE_STRING_H 1
| #define HAVE_MEMORY_H 1
| #define HAVE_STRINGS_H 1
| #define HAVE_INTTYPES_H 1
| #define HAVE_STDINT_H 1
| #define HAVE_UNISTD_H 1
| #define HAVE_DLFCN_H 1
| #ifdef __cplusplus
| extern "C" void std::exit (int) throw (); using std::exit;
| #endif
| /* end confdefs.h.  */
| #include <ac_nonexistent.h>
configure:5191: checking for g77
configure:5220: result: no
configure:5191: checking for f77
configure:5220: result: no
configure:5191: checking for xlf
configure:5220: result: no
configure:5191: checking for frt
configure:5220: result: no
configure:5191: checking for pgf77
configure:5220: result: no
configure:5191: checking for fort77
configure:5220: result: no
configure:5191: checking for fl32
configure:5220: result: no
configure:5191: checking for af77
configure:5220: result: no
configure:5191: checking for f90
configure:5220: result: no
configure:5191: checking for xlf90
configure:5220: result: no
configure:5191: checking for pgf90
configure:5220: result: no
configure:5191: checking for epcf90
configure:5220: result: no
configure:5191: checking for f95
configure:5220: result: no
configure:5191: checking for fort
configure:5220: result: no
configure:5191: checking for xlf95
configure:5220: result: no
configure:5191: checking for ifc
configure:5220: result: no
configure:5191: checking for efc
configure:5220: result: no
configure:5191: checking for pgf95
configure:5220: result: no
configure:5191: checking for lf95
configure:5220: result: no
configure:5191: checking for gfortran
configure:5220: result: no
configure:5235: checking for Fortran 77 compiler version
configure:5235:  --version </dev/null >&5
./configure: line 1: --version: command not found
configure:5238: $? = 127
configure:5240:  -v </dev/null >&5
./configure: line 1: -v: command not found
configure:5243: $? = 127
configure:5245:  -V </dev/null >&5
./configure: line 1: -V: command not found
configure:5248: $? = 127
configure:5256: checking whether we are using the GNU Fortran 77 compiler
configure:5270:  -c  conftest.F >&5
./configure: line 1: -c: command not found
configure:5276: $? = 127
configure: failed program was:
|       program main
| #ifndef __GNUC__
|        choke me
| #endif
| 
|       end
configure:5302: result: no
configure:5308: checking whether  accepts -g
configure:5320:  -c -g conftest.f >&5
./configure: line 1: -c: command not found
configure:5326: $? = 127
configure: failed program was:
|       program main
| 
|       end
configure:5351: result: no
configure:5381: checking the maximum length of command line arguments
configure:5460: result: 32768
configure:5471: checking command to parse /usr/bin/nm -B output from gcc object
configure:5560: gcc -c -g -O2  conftest.c >&5
configure:5563: $? = 0
configure:5567: /usr/bin/nm -B conftest.o \| sed -n -e 's/^.*[ 	]\([ABCDGIRSTW][ABCDGIRSTW]*\)[ 	][ 	]*\(\)\([_A-Za-z][_A-Za-z0-9]*\)$/\1 \2\3 \3/p' \> conftest.nm
configure:5570: $? = 0
configure:5622: gcc -o conftest -g -O2   conftest.c conftstm.o >&5
configure:5625: $? = 0
configure:5663: result: ok
configure:5667: checking for objdir
configure:5682: result: .libs
configure:5772: checking for ar
configure:5788: found /usr/bin/ar
configure:5799: result: ar
configure:5852: checking for ranlib
configure:5868: found /usr/bin/ranlib
configure:5879: result: ranlib
configure:5932: checking for strip
configure:5948: found /usr/bin/strip
configure:5959: result: strip
configure:6223: checking if gcc static flag  works
configure:6246: result: yes
configure:6264: checking if gcc supports -fno-rtti -fno-exceptions
configure:6285: gcc -c -g -O2  -fno-rtti -fno-exceptions conftest.c >&5
cc1: warning: "-fno-rtti" is valid for C++ but not for C/ObjC
configure:6289: $? = 0
configure:6297: result: no
configure:6312: checking for gcc option to produce PIC
configure:6499: result: -fPIC
configure:6507: checking if gcc PIC flag -fPIC works
configure:6528: gcc -c -g -O2  -fPIC -DPIC conftest.c >&5
configure:6532: $? = 0
configure:6540: result: yes
configure:6564: checking if gcc supports -c -o file.o
configure:6588: gcc -c -g -O2  -o out/conftest2.o conftest.c >&5
configure:6592: $? = 0
configure:6609: result: yes
configure:6635: checking whether the gcc linker (/usr/bin/ld) supports shared libraries
configure:7484: result: yes
configure:7510: checking whether -lc should be explicitly linked in
configure:7515: gcc -c -g -O2  conftest.c >&5
configure:7518: $? = 0
configure:7532: gcc -shared conftest.o  -v -Wl,-soname -Wl,conftest -o conftest 2\>\&1 \| grep  -lc  \>/dev/null 2\>\&1
configure:7535: $? = 0
configure:7547: result: no
configure:7555: checking dynamic linker characteristics
configure:8095: result: GNU/Linux ld.so
configure:8099: checking how to hardcode library paths into programs
configure:8124: result: immediate
configure:8138: checking whether stripping libraries is possible
configure:8143: result: yes
configure:8973: checking if libtool supports shared libraries
configure:8975: result: yes
configure:8978: checking whether to build shared libraries
configure:8999: result: yes
configure:9002: checking whether to build static libraries
configure:9006: result: yes
configure:9098: creating libtool
configure:9645: checking for ld used by g++
configure:9712: result: /usr/bin/ld
configure:9721: checking if the linker (/usr/bin/ld) is GNU ld
configure:9736: result: yes
configure:9787: checking whether the g++ linker (/usr/bin/ld) supports shared libraries
configure:10652: result: yes
configure:10670: g++ -c -g -O2  conftest.cc >&5
configure:10673: $? = 0
configure:10769: checking for g++ option to produce PIC
configure:11031: result: -fPIC
configure:11039: checking if g++ PIC flag -fPIC works
configure:11060: g++ -c -g -O2  -fPIC -DPIC conftest.cc >&5
configure:11064: $? = 0
configure:11072: result: yes
configure:11096: checking if g++ supports -c -o file.o
configure:11120: g++ -c -g -O2  -o out/conftest2.o conftest.cc >&5
configure:11124: $? = 0
configure:11141: result: yes
configure:11167: checking whether the g++ linker (/usr/bin/ld) supports shared libraries
configure:11192: result: yes
configure:11263: checking dynamic linker characteristics
configure:11803: result: GNU/Linux ld.so
configure:11807: checking how to hardcode library paths into programs
configure:11832: result: immediate
configure:11846: checking whether stripping libraries is possible
configure:11851: result: yes
configure:19112: checking for xapian-config
configure:19130: found /usr/local/bin/xapian-config
configure:19142: result: /usr/local/bin/xapian-config
configure:19154: checking /usr/local/bin/xapian-config works
/usr/local/lib/libxapianqueryparser.la /usr/local/lib/libxapian.la
configure:19158: result: yes
configure:19271: checking for C++ compiler version
configure:19274: g++ --version </dev/null >&5
g++ (GCC) 3.3.3 20040412 (Red Hat Linux 3.3.3-7)
Copyright (C) 2003 Free Software Foundation, Inc.
This is free software; see the source for copying conditions.  There is NO
warranty; not even for MERCHANTABILITY or FITNESS FOR A PARTICULAR PURPOSE.

configure:19277: $? = 0
configure:19279: g++ -v </dev/null >&5
Reading specs from /usr/lib/gcc-lib/i386-redhat-linux/3.3.3/specs
Configured with: ../configure --prefix=/usr --mandir=/usr/share/man --infodir=/usr/share/info --enable-shared --enable-threads=posix --disable-checking --disable-libunwind-exceptions --with-system-zlib --enable-__cxa_atexit --host=i386-redhat-linux
Thread model: posix
gcc version 3.3.3 20040412 (Red Hat Linux 3.3.3-7)
configure:19282: $? = 0
configure:19284: g++ -V </dev/null >&5
g++: `-V' option must have argument
configure:19287: $? = 1
configure:19290: checking whether we are using the GNU C++ compiler
configure:19346: result: yes
configure:19352: checking whether g++ accepts -g
configure:19403: result: yes
configure:19445: g++ -c -g -O2 -I/usr/local/include  conftest.cc >&5
configure:19451: $? = 0
configure:19455: test -z 
			 || test ! -s conftest.err
configure:19458: $? = 0
configure:19461: test -s conftest.o
configure:19464: $? = 0
configure:19490: g++ -c -g -O2 -I/usr/local/include  conftest.cc >&5
configure:19496: $? = 0
configure:19500: test -z 
			 || test ! -s conftest.err
configure:19503: $? = 0
configure:19506: test -s conftest.o
configure:19509: $? = 0
configure:19534: checking dependency style of g++
configure:19624: result: gcc3
configure:19782: creating ./config.status

## ---------------------- ##
## Running config.status. ##
## ---------------------- ##

This file was extended by xapian-examples config.status 0.8.5, which was
generated by GNU Autoconf 2.59.  Invocation command line was

  CONFIG_FILES    = 
  CONFIG_HEADERS  = 
  CONFIG_LINKS    = 
  CONFIG_COMMANDS = 
  $ ./config.status 

on u15176692.onlinehome-server.com

config.status:717: creating Makefile
config.status:814: creating config.h
config.status:1102: executing depfiles commands

## ---------------- ##
## Cache variables. ##
## ---------------- ##

ac_cv_build=i686-pc-linux-gnu
ac_cv_build_alias=i686-pc-linux-gnu
ac_cv_c_compiler_gnu=yes
ac_cv_cxx_compiler_gnu=yes
ac_cv_env_CC_set=
ac_cv_env_CC_value=
ac_cv_env_CFLAGS_set=
ac_cv_env_CFLAGS_value=
ac_cv_env_CPPFLAGS_set=
ac_cv_env_CPPFLAGS_value=
ac_cv_env_CPP_set=
ac_cv_env_CPP_value=
ac_cv_env_CXXCPP_set=
ac_cv_env_CXXCPP_value=
ac_cv_env_CXXFLAGS_set=
ac_cv_env_CXXFLAGS_value=
ac_cv_env_CXX_set=
ac_cv_env_CXX_value=
ac_cv_env_F77_set=
ac_cv_env_F77_value=
ac_cv_env_FFLAGS_set=
ac_cv_env_FFLAGS_value=
ac_cv_env_LDFLAGS_set=
ac_cv_env_LDFLAGS_value=
ac_cv_env_XAPIAN_CONFIG_set=
ac_cv_env_XAPIAN_CONFIG_value=
ac_cv_env_build_alias_set=
ac_cv_env_build_alias_value=
ac_cv_env_host_alias_set=
ac_cv_env_host_alias_value=
ac_cv_env_target_alias_set=
ac_cv_env_target_alias_value=
ac_cv_exeext=
ac_cv_f77_compiler_gnu=no
ac_cv_header_dlfcn_h=yes
ac_cv_header_inttypes_h=yes
ac_cv_header_memory_h=yes
ac_cv_header_stdc=yes
ac_cv_header_stdint_h=yes
ac_cv_header_stdlib_h=yes
ac_cv_header_string_h=yes
ac_cv_header_strings_h=yes
ac_cv_header_sys_stat_h=yes
ac_cv_header_sys_types_h=yes
ac_cv_header_unistd_h=yes
ac_cv_host=i686-pc-linux-gnu
ac_cv_host_alias=i686-pc-linux-gnu
ac_cv_objext=o
ac_cv_path_XAPIAN_CONFIG=/usr/local/bin/xapian-config
ac_cv_path_install='/usr/bin/install -c'
ac_cv_prog_AWK=gawk
ac_cv_prog_CPP='gcc -E'
ac_cv_prog_CXXCPP='g++ -E'
ac_cv_prog_ac_ct_AR=ar
ac_cv_prog_ac_ct_CC=gcc
ac_cv_prog_ac_ct_CXX=g++
ac_cv_prog_ac_ct_RANLIB=ranlib
ac_cv_prog_ac_ct_STRIP=strip
ac_cv_prog_cc_g=yes
ac_cv_prog_cc_stdc=
ac_cv_prog_cxx_g=yes
ac_cv_prog_egrep='grep -E'
ac_cv_prog_f77_g=no
ac_cv_prog_make_make_set=yes
am_cv_CC_dependencies_compiler_type=gcc3
am_cv_CXX_dependencies_compiler_type=gcc3
lt_cv_deplibs_check_method=pass_all
lt_cv_file_magic_cmd='$MAGIC_CMD'
lt_cv_file_magic_test_file='/lib/libc.so.6 /lib/libc-2.3.3.so'
lt_cv_ld_reload_flag=-r
lt_cv_objdir=.libs
lt_cv_path_LD=/usr/bin/ld
lt_cv_path_LDCXX=/usr/bin/ld
lt_cv_path_NM='/usr/bin/nm -B'
lt_cv_path_SED=/bin/sed
lt_cv_prog_compiler_c_o=yes
lt_cv_prog_compiler_c_o_CXX=yes
lt_cv_prog_compiler_rtti_exceptions=no
lt_cv_prog_gnu_ld=yes
lt_cv_prog_gnu_ldcxx=yes
lt_cv_sys_global_symbol_pipe='sed -n -e '\''s/^.*[ 	]\([ABCDGIRSTW][ABCDGIRSTW]*\)[ 	][ 	]*\(\)\([_A-Za-z][_A-Za-z0-9]*\)$/\1 \2\3 \3/p'\'''
lt_cv_sys_global_symbol_to_c_name_address='sed -n -e '\''s/^: \([^ ]*\) $/  {\"\1\", (lt_ptr) 0},/p'\'' -e '\''s/^[BCDEGRST] \([^ ]*\) \([^ ]*\)$/  {"\2", (lt_ptr) \&\2},/p'\'''
lt_cv_sys_global_symbol_to_cdecl='sed -n -e '\''s/^. .* \(.*\)$/extern int \1;/p'\'''
lt_cv_sys_max_cmd_len=32768
lt_lt_cv_prog_compiler_c_o='"yes"'
lt_lt_cv_prog_compiler_c_o_CXX='"yes"'
lt_lt_cv_sys_global_symbol_pipe='"sed -n -e '\''s/^.*[ 	]\\([ABCDGIRSTW][ABCDGIRSTW]*\\)[ 	][ 	]*\\(\\)\\([_A-Za-z][_A-Za-z0-9]*\\)\$/\\1 \\2\\3 \\3/p'\''"'
lt_lt_cv_sys_global_symbol_to_c_name_address='"sed -n -e '\''s/^: \\([^ ]*\\) \$/  {\\\"\\1\\\", (lt_ptr) 0},/p'\'' -e '\''s/^[BCDEGRST] \\([^ ]*\\) \\([^ ]*\\)\$/  {\"\\2\", (lt_ptr) \\&\\2},/p'\''"'
lt_lt_cv_sys_global_symbol_to_cdecl='"sed -n -e '\''s/^. .* \\(.*\\)\$/extern int \\1;/p'\''"'

## ----------------- ##
## Output variables. ##
## ----------------- ##

ACLOCAL='${SHELL} /var/www/xapian-apps/missing --run aclocal-1.8'
AMDEPBACKSLASH='\'
AMDEP_FALSE='#'
AMDEP_TRUE=''
AMTAR='${SHELL} /var/www/xapian-apps/missing --run tar'
AM_CXXFLAGS=' -Wall -W -Wno-long-long -fno-gnu-keywords'
AR='ar'
AUTOCONF='${SHELL} /var/www/xapian-apps/missing --run autoconf'
AUTOHEADER='${SHELL} /var/www/xapian-apps/missing --run autoheader'
AUTOMAKE='${SHELL} /var/www/xapian-apps/missing --run automake-1.8'
AWK='gawk'
CC='gcc'
CCDEPMODE='depmode=gcc3'
CFLAGS='-g -O2'
CPP='gcc -E'
CPPFLAGS=''
CXX='g++'
CXXCPP='g++ -E'
CXXDEPMODE='depmode=gcc3'
CXXFLAGS='-g -O2 -I/usr/local/include'
CYGPATH_W='echo'
DEFS='-DHAVE_CONFIG_H'
DEPDIR='.deps'
ECHO='echo'
ECHO_C=''
ECHO_N='-n'
ECHO_T=''
EGREP='grep -E'
EXEEXT=''
F77=''
FFLAGS=''
INSTALL_DATA='${INSTALL} -m 644'
INSTALL_PROGRAM='${INSTALL}'
INSTALL_SCRIPT='${INSTALL}'
INSTALL_STRIP_PROGRAM='${SHELL} $(install_sh) -c -s'
LDFLAGS=''
LIBOBJS=''
LIBS=''
LIBTOOL='$(SHELL) $(top_builddir)/libtool'
LN_S='ln -s'
LTLIBOBJS=''
MAKEINFO='${SHELL} /var/www/xapian-apps/missing --run makeinfo'
OBJEXT='o'
PACKAGE='xapian-examples'
PACKAGE_BUGREPORT=''
PACKAGE_NAME='xapian-examples'
PACKAGE_STRING='xapian-examples 0.8.5'
PACKAGE_TARNAME='xapian-examples'
PACKAGE_VERSION='0.8.5'
PATH_SEPARATOR=':'
RANLIB='ranlib'
SET_MAKE=''
SHELL='/bin/sh'
STRIP='strip'
VERSION='0.8.5'
XAPIAN_CONFIG='/usr/local/bin/xapian-config'
XAPIAN_CXXFLAGS='-I/usr/local/include'
XAPIAN_LIBS='/usr/local/lib/libxapianqueryparser.la /usr/local/lib/libxapian.la'
XAPIAN_VERSION='0.8.5'
ac_ct_AR='ar'
ac_ct_CC='gcc'
ac_ct_CXX='g++'
ac_ct_F77=''
ac_ct_RANLIB='ranlib'
ac_ct_STRIP='strip'
am__fastdepCC_FALSE='#'
am__fastdepCC_TRUE=''
am__fastdepCXX_FALSE='#'
am__fastdepCXX_TRUE=''
am__include='include'
am__leading_dot='.'
am__quote=''
bindir='${exec_prefix}/bin'
build='i686-pc-linux-gnu'
build_alias=''
build_cpu='i686'
build_os='linux-gnu'
build_vendor='pc'
datadir='${prefix}/share'
exec_prefix='${prefix}'
host='i686-pc-linux-gnu'
host_alias=''
host_cpu='i686'
host_os='linux-gnu'
host_vendor='pc'
includedir='${prefix}/include'
infodir='${prefix}/info'
install_sh='/var/www/xapian-apps/install-sh'
libdir='${exec_prefix}/lib'
libexecdir='${exec_prefix}/libexec'
localstatedir='${prefix}/var'
mandir='${prefix}/man'
mkdir_p='mkdir -p -- .'
oldincludedir='/usr/include'
prefix='/usr/local'
program_transform_name='s,x,x,'
sbindir='${exec_prefix}/sbin'
sharedstatedir='${prefix}/com'
sysconfdir='${prefix}/etc'
target_alias=''

## ----------- ##
## confdefs.h. ##
## ----------- ##

#define HAVE_DLFCN_H 1
#define HAVE_INTTYPES_H 1
#define HAVE_MEMORY_H 1
#define HAVE_STDINT_H 1
#define HAVE_STDLIB_H 1
#define HAVE_STRINGS_H 1
#define HAVE_STRING_H 1
#define HAVE_SYS_STAT_H 1
#define HAVE_SYS_TYPES_H 1
#define HAVE_UNISTD_H 1
#define PACKAGE "xapian-examples"
#define PACKAGE_BUGREPORT ""
#define PACKAGE_NAME "xapian-examples"
#define PACKAGE_STRING "xapian-examples 0.8.5"
#define PACKAGE_TARNAME "xapian-examples"
#define PACKAGE_VERSION "0.8.5"
#define STDC_HEADERS 1
#define VERSION "0.8.5"
#endif
#ifdef __cplusplus
extern "C" void std::exit (int) throw (); using std::exit;

configure: exit 0
