This file contains any messages produced by compilers while
running configure, to aid debugging if configure makes a mistake.

It was created by xapian-examples configure 0.8.5, which was
generated by GNU Autoconf 2.59.  Invocation command line was

  $ ./configure XAPIAN_CONFIG=/usr/local/bin/xapian-config

## --------- ##
## Platform. ##
## --------- ##

hostname = Philip-Neustroms-Computer.local
uname -m = Power Macintosh
uname -r = 8.3.0
uname -s = Darwin
uname -v = Darwin Kernel Version 8.3.0: Mon Oct  3 20:04:04 PDT 2005; root:xnu-792.6.22.obj~2/RELEASE_PPC

/usr/bin/uname -p = powerpc
/bin/uname -X     = unknown

/bin/arch              = unknown
/usr/bin/arch -k       = unknown
/usr/convex/getsysinfo = unknown
hostinfo               = Mach kernel version:
	 Darwin Kernel Version 8.3.0: Mon Oct  3 20:04:04 PDT 2005; root:xnu-792.6.22.obj~2/RELEASE_PPC
Kernel configured for a single processor only.
1 processor is physically available.
Processor type: ppc7450 (PowerPC 7450)
Processor active: 0
Primary memory available: 1.25 gigabytes
Default processor set: 57 tasks, 184 threads, 1 processors
Load average: 2.91, Mach factor: 0.35
/bin/machine           = unknown
/usr/bin/oslevel       = unknown
/bin/universe          = unknown

PATH: /sw/bin
PATH: /sw/sbin
PATH: /bin
PATH: /sbin
PATH: /usr/bin
PATH: /usr/sbin
PATH: /usr/X11R6/bin


## ----------- ##
## Core tests. ##
## ----------- ##

configure:1552: checking for a BSD-compatible install
configure:1607: result: /usr/bin/install -c
configure:1618: checking whether build environment is sane
configure:1661: result: yes
configure:1718: checking for gawk
configure:1747: result: no
configure:1718: checking for mawk
configure:1747: result: no
configure:1718: checking for nawk
configure:1747: result: no
configure:1718: checking for awk
configure:1734: found /usr/bin/awk
configure:1744: result: awk
configure:1754: checking whether make sets $(MAKE)
configure:1774: result: yes
configure:2021: checking build system type
configure:2039: result: powerpc-apple-darwin8.3.0
configure:2047: checking host system type
configure:2061: result: powerpc-apple-darwin8.3.0
configure:2081: checking for style of include used by make
configure:2109: result: GNU
configure:2180: checking for gcc
configure:2196: found /usr/bin/gcc
configure:2206: result: gcc
configure:2450: checking for C compiler version
configure:2453: gcc --version </dev/null >&5
gcc (GCC) 3.3 20030304 (Apple Computer, Inc. build 1640)
Copyright (C) 2002 Free Software Foundation, Inc.
This is free software; see the source for copying conditions.  There is NO
warranty; not even for MERCHANTABILITY or FITNESS FOR A PARTICULAR PURPOSE.

configure:2456: $? = 0
configure:2458: gcc -v </dev/null >&5
Reading specs from /usr/libexec/gcc/darwin/ppc/3.3/specs
Thread model: posix
gcc version 3.3 20030304 (Apple Computer, Inc. build 1640)
configure:2461: $? = 0
configure:2463: gcc -V </dev/null >&5
gcc: `-V' option must have argument
configure:2466: $? = 1
configure:2489: checking for C compiler default output file name
configure:2492: gcc    conftest.c  >&5
configure:2495: $? = 0
configure:2541: result: a.out
configure:2546: checking whether the C compiler works
configure:2552: ./a.out
configure:2555: $? = 0
configure:2572: result: yes
configure:2579: checking whether we are cross compiling
configure:2581: result: no
configure:2584: checking for suffix of executables
configure:2586: gcc -o conftest    conftest.c  >&5
configure:2589: $? = 0
configure:2614: result: 
configure:2620: checking for suffix of object files
configure:2641: gcc -c   conftest.c >&5
configure:2644: $? = 0
configure:2666: result: o
configure:2670: checking whether we are using the GNU C compiler
configure:2694: gcc -c   conftest.c >&5
configure:2700: $? = 0
configure:2704: test -z 
			 || test ! -s conftest.err
configure:2707: $? = 0
configure:2710: test -s conftest.o
configure:2713: $? = 0
configure:2726: result: yes
configure:2732: checking whether gcc accepts -g
configure:2753: gcc -c -g  conftest.c >&5
configure:2759: $? = 0
configure:2763: test -z 
			 || test ! -s conftest.err
configure:2766: $? = 0
configure:2769: test -s conftest.o
configure:2772: $? = 0
configure:2783: result: yes
configure:2800: checking for gcc option to accept ANSI C
configure:2870: gcc  -c -g -O2  conftest.c >&5
configure:2876: $? = 0
configure:2880: test -z 
			 || test ! -s conftest.err
configure:2883: $? = 0
configure:2886: test -s conftest.o
configure:2889: $? = 0
configure:2907: result: none needed
configure:2925: gcc -c -g -O2  conftest.c >&5
conftest.c:2: error: parse error before "me"
configure:2931: $? = 1
configure: failed program was:
| #ifndef __cplusplus
|   choke me
| #endif
configure:3066: checking dependency style of gcc
configure:3156: result: gcc3
configure:3173: checking for a sed that does not truncate output
configure:3227: result: /usr/bin/sed
configure:3230: checking for egrep
configure:3240: result: grep -E
configure:3256: checking for ld used by gcc
configure:3323: result: /usr/bin/ld
configure:3332: checking if the linker (/usr/bin/ld) is GNU ld
configure:3347: result: no
configure:3352: checking for /usr/bin/ld option to reload object files
configure:3359: result: -r
configure:3377: checking for BSD-compatible nm
configure:3419: result: /usr/bin/nm -p
configure:3423: checking whether ln -s works
configure:3427: result: yes
configure:3434: checking how to recognise dependent libraries
configure:3615: result: pass_all
configure:3829: checking how to run the C preprocessor
configure:3864: gcc -E  conftest.c
configure:3870: $? = 0
configure:3902: gcc -E  conftest.c
conftest.c:11:28: ac_nonexistent.h: No such file or directory
configure:3908: $? = 1
configure: failed program was:
| /* confdefs.h.  */
| 
| #define PACKAGE_NAME "xapian-examples"
| #define PACKAGE_TARNAME "xapian-examples"
| #define PACKAGE_VERSION "0.8.5"
| #define PACKAGE_STRING "xapian-examples 0.8.5"
| #define PACKAGE_BUGREPORT ""
| #define PACKAGE "xapian-examples"
| #define VERSION "0.8.5"
| /* end confdefs.h.  */
| #include <ac_nonexistent.h>
configure:3947: result: gcc -E
configure:3971: gcc -E  conftest.c
configure:3977: $? = 0
configure:4009: gcc -E  conftest.c
conftest.c:11:28: ac_nonexistent.h: No such file or directory
configure:4015: $? = 1
configure: failed program was:
| /* confdefs.h.  */
| 
| #define PACKAGE_NAME "xapian-examples"
| #define PACKAGE_TARNAME "xapian-examples"
| #define PACKAGE_VERSION "0.8.5"
| #define PACKAGE_STRING "xapian-examples 0.8.5"
| #define PACKAGE_BUGREPORT ""
| #define PACKAGE "xapian-examples"
| #define VERSION "0.8.5"
| /* end confdefs.h.  */
| #include <ac_nonexistent.h>
configure:4059: checking for ANSI C header files
configure:4084: gcc -c -g -O2  conftest.c >&5
configure:4090: $? = 0
configure:4094: test -z 
			 || test ! -s conftest.err
configure:4097: $? = 0
configure:4100: test -s conftest.o
configure:4103: $? = 0
configure:4189: gcc -o conftest -g -O2   conftest.c  >&5
configure:4192: $? = 0
configure:4194: ./conftest
configure:4197: $? = 0
configure:4212: result: yes
configure:4236: checking for sys/types.h
configure:4252: gcc -c -g -O2  conftest.c >&5
configure:4258: $? = 0
configure:4262: test -z 
			 || test ! -s conftest.err
configure:4265: $? = 0
configure:4268: test -s conftest.o
configure:4271: $? = 0
configure:4282: result: yes
configure:4236: checking for sys/stat.h
configure:4252: gcc -c -g -O2  conftest.c >&5
configure:4258: $? = 0
configure:4262: test -z 
			 || test ! -s conftest.err
configure:4265: $? = 0
configure:4268: test -s conftest.o
configure:4271: $? = 0
configure:4282: result: yes
configure:4236: checking for stdlib.h
configure:4252: gcc -c -g -O2  conftest.c >&5
configure:4258: $? = 0
configure:4262: test -z 
			 || test ! -s conftest.err
configure:4265: $? = 0
configure:4268: test -s conftest.o
configure:4271: $? = 0
configure:4282: result: yes
configure:4236: checking for string.h
configure:4252: gcc -c -g -O2  conftest.c >&5
configure:4258: $? = 0
configure:4262: test -z 
			 || test ! -s conftest.err
configure:4265: $? = 0
configure:4268: test -s conftest.o
configure:4271: $? = 0
configure:4282: result: yes
configure:4236: checking for memory.h
configure:4252: gcc -c -g -O2  conftest.c >&5
configure:4258: $? = 0
configure:4262: test -z 
			 || test ! -s conftest.err
configure:4265: $? = 0
configure:4268: test -s conftest.o
configure:4271: $? = 0
configure:4282: result: yes
configure:4236: checking for strings.h
configure:4252: gcc -c -g -O2  conftest.c >&5
configure:4258: $? = 0
configure:4262: test -z 
			 || test ! -s conftest.err
configure:4265: $? = 0
configure:4268: test -s conftest.o
configure:4271: $? = 0
configure:4282: result: yes
configure:4236: checking for inttypes.h
configure:4252: gcc -c -g -O2  conftest.c >&5
configure:4258: $? = 0
configure:4262: test -z 
			 || test ! -s conftest.err
configure:4265: $? = 0
configure:4268: test -s conftest.o
configure:4271: $? = 0
configure:4282: result: yes
configure:4236: checking for stdint.h
configure:4252: gcc -c -g -O2  conftest.c >&5
configure:4258: $? = 0
configure:4262: test -z 
			 || test ! -s conftest.err
configure:4265: $? = 0
configure:4268: test -s conftest.o
configure:4271: $? = 0
configure:4282: result: yes
configure:4236: checking for unistd.h
configure:4252: gcc -c -g -O2  conftest.c >&5
configure:4258: $? = 0
configure:4262: test -z 
			 || test ! -s conftest.err
configure:4265: $? = 0
configure:4268: test -s conftest.o
configure:4271: $? = 0
configure:4282: result: yes
configure:4308: checking dlfcn.h usability
configure:4320: gcc -c -g -O2  conftest.c >&5
configure:4326: $? = 0
configure:4330: test -z 
			 || test ! -s conftest.err
configure:4333: $? = 0
configure:4336: test -s conftest.o
configure:4339: $? = 0
configure:4349: result: yes
configure:4353: checking dlfcn.h presence
configure:4363: gcc -E  conftest.c
configure:4369: $? = 0
configure:4389: result: yes
configure:4424: checking for dlfcn.h
configure:4431: result: yes
configure:4496: checking for g++
configure:4512: found /usr/bin/g++
configure:4522: result: g++
configure:4538: checking for C++ compiler version
configure:4541: g++ --version </dev/null >&5
g++ (GCC) 3.3 20030304 (Apple Computer, Inc. build 1640)
Copyright (C) 2002 Free Software Foundation, Inc.
This is free software; see the source for copying conditions.  There is NO
warranty; not even for MERCHANTABILITY or FITNESS FOR A PARTICULAR PURPOSE.

configure:4544: $? = 0
configure:4546: g++ -v </dev/null >&5
Reading specs from /usr/libexec/gcc/darwin/ppc/3.3/specs
Thread model: posix
gcc version 3.3 20030304 (Apple Computer, Inc. build 1640)
configure:4549: $? = 0
configure:4551: g++ -V </dev/null >&5
g++: `-V' option must have argument
configure:4554: $? = 1
configure:4557: checking whether we are using the GNU C++ compiler
configure:4581: g++ -c   conftest.cc >&5
configure:4587: $? = 0
configure:4591: test -z 
			 || test ! -s conftest.err
configure:4594: $? = 0
configure:4597: test -s conftest.o
configure:4600: $? = 0
configure:4613: result: yes
configure:4619: checking whether g++ accepts -g
configure:4640: g++ -c -g  conftest.cc >&5
configure:4646: $? = 0
configure:4650: test -z 
			 || test ! -s conftest.err
configure:4653: $? = 0
configure:4656: test -s conftest.o
configure:4659: $? = 0
configure:4670: result: yes
configure:4712: g++ -c -g -O2  conftest.cc >&5
configure:4718: $? = 0
configure:4722: test -z 
			 || test ! -s conftest.err
configure:4725: $? = 0
configure:4728: test -s conftest.o
configure:4731: $? = 0
configure:4757: g++ -c -g -O2  conftest.cc >&5
conftest.cc: In function `int main()':
conftest.cc:26: error: `exit' undeclared (first use this function)
conftest.cc:26: error: (Each undeclared identifier is reported only once for 
   each function it appears in.)
configure:4763: $? = 1
configure: failed program was:
| /* confdefs.h.  */
| 
| #define PACKAGE_NAME "xapian-examples"
| #define PACKAGE_TARNAME "xapian-examples"
| #define PACKAGE_VERSION "0.8.5"
| #define PACKAGE_STRING "xapian-examples 0.8.5"
| #define PACKAGE_BUGREPORT ""
| #define PACKAGE "xapian-examples"
| #define VERSION "0.8.5"
| #define STDC_HEADERS 1
| #define HAVE_SYS_TYPES_H 1
| #define HAVE_SYS_STAT_H 1
| #define HAVE_STDLIB_H 1
| #define HAVE_STRING_H 1
| #define HAVE_MEMORY_H 1
| #define HAVE_STRINGS_H 1
| #define HAVE_INTTYPES_H 1
| #define HAVE_STDINT_H 1
| #define HAVE_UNISTD_H 1
| #define HAVE_DLFCN_H 1
| /* end confdefs.h.  */
| 
| int
| main ()
| {
| exit (42);
|   ;
|   return 0;
| }
configure:4712: g++ -c -g -O2  conftest.cc >&5
configure:4718: $? = 0
configure:4722: test -z 
			 || test ! -s conftest.err
configure:4725: $? = 0
configure:4728: test -s conftest.o
configure:4731: $? = 0
configure:4757: g++ -c -g -O2  conftest.cc >&5
configure:4763: $? = 0
configure:4767: test -z 
			 || test ! -s conftest.err
configure:4770: $? = 0
configure:4773: test -s conftest.o
configure:4776: $? = 0
configure:4801: checking dependency style of g++
configure:4891: result: gcc3
configure:4913: checking how to run the C++ preprocessor
configure:4944: g++ -E  conftest.cc
configure:4950: $? = 0
configure:4982: g++ -E  conftest.cc
conftest.cc:25:28: ac_nonexistent.h: No such file or directory
configure:4988: $? = 1
configure: failed program was:
| /* confdefs.h.  */
| 
| #define PACKAGE_NAME "xapian-examples"
| #define PACKAGE_TARNAME "xapian-examples"
| #define PACKAGE_VERSION "0.8.5"
| #define PACKAGE_STRING "xapian-examples 0.8.5"
| #define PACKAGE_BUGREPORT ""
| #define PACKAGE "xapian-examples"
| #define VERSION "0.8.5"
| #define STDC_HEADERS 1
| #define HAVE_SYS_TYPES_H 1
| #define HAVE_SYS_STAT_H 1
| #define HAVE_STDLIB_H 1
| #define HAVE_STRING_H 1
| #define HAVE_MEMORY_H 1
| #define HAVE_STRINGS_H 1
| #define HAVE_INTTYPES_H 1
| #define HAVE_STDINT_H 1
| #define HAVE_UNISTD_H 1
| #define HAVE_DLFCN_H 1
| #ifdef __cplusplus
| extern "C" void std::exit (int) throw (); using std::exit;
| #endif
| /* end confdefs.h.  */
| #include <ac_nonexistent.h>
configure:5027: result: g++ -E
configure:5051: g++ -E  conftest.cc
configure:5057: $? = 0
configure:5089: g++ -E  conftest.cc
conftest.cc:25:28: ac_nonexistent.h: No such file or directory
configure:5095: $? = 1
configure: failed program was:
| /* confdefs.h.  */
| 
| #define PACKAGE_NAME "xapian-examples"
| #define PACKAGE_TARNAME "xapian-examples"
| #define PACKAGE_VERSION "0.8.5"
| #define PACKAGE_STRING "xapian-examples 0.8.5"
| #define PACKAGE_BUGREPORT ""
| #define PACKAGE "xapian-examples"
| #define VERSION "0.8.5"
| #define STDC_HEADERS 1
| #define HAVE_SYS_TYPES_H 1
| #define HAVE_SYS_STAT_H 1
| #define HAVE_STDLIB_H 1
| #define HAVE_STRING_H 1
| #define HAVE_MEMORY_H 1
| #define HAVE_STRINGS_H 1
| #define HAVE_INTTYPES_H 1
| #define HAVE_STDINT_H 1
| #define HAVE_UNISTD_H 1
| #define HAVE_DLFCN_H 1
| #ifdef __cplusplus
| extern "C" void std::exit (int) throw (); using std::exit;
| #endif
| /* end confdefs.h.  */
| #include <ac_nonexistent.h>
configure:5190: checking for g77
configure:5219: result: no
configure:5190: checking for f77
configure:5219: result: no
configure:5190: checking for xlf
configure:5219: result: no
configure:5190: checking for frt
configure:5219: result: no
configure:5190: checking for pgf77
configure:5219: result: no
configure:5190: checking for fort77
configure:5219: result: no
configure:5190: checking for fl32
configure:5219: result: no
configure:5190: checking for af77
configure:5219: result: no
configure:5190: checking for f90
configure:5219: result: no
configure:5190: checking for xlf90
configure:5219: result: no
configure:5190: checking for pgf90
configure:5219: result: no
configure:5190: checking for epcf90
configure:5219: result: no
configure:5190: checking for f95
configure:5219: result: no
configure:5190: checking for fort
configure:5219: result: no
configure:5190: checking for xlf95
configure:5219: result: no
configure:5190: checking for ifc
configure:5219: result: no
configure:5190: checking for efc
configure:5219: result: no
configure:5190: checking for pgf95
configure:5219: result: no
configure:5190: checking for lf95
configure:5219: result: no
configure:5190: checking for gfortran
configure:5219: result: no
configure:5235: checking for Fortran 77 compiler version
configure:5234:  --version </dev/null >&5
./configure: line 1: --version: command not found
configure:5237: $? = 127
configure:5239:  -v </dev/null >&5
./configure: line 1: -v: command not found
configure:5242: $? = 127
configure:5244:  -V </dev/null >&5
./configure: line 1: -V: command not found
configure:5247: $? = 127
configure:5255: checking whether we are using the GNU Fortran 77 compiler
configure:5269:  -c  conftest.F >&5
./configure: line 1: -c: command not found
configure:5275: $? = 127
configure: failed program was:
|       program main
| #ifndef __GNUC__
|        choke me
| #endif
| 
|       end
configure:5301: result: no
configure:5307: checking whether  accepts -g
configure:5319:  -c -g conftest.f >&5
./configure: line 1: -c: command not found
configure:5325: $? = 127
configure: failed program was:
|       program main
| 
|       end
configure:5350: result: no
configure:5380: checking the maximum length of command line arguments
configure:5459: result: 65536
configure:5470: checking command to parse /usr/bin/nm -p output from gcc object
configure:5559: gcc -c -g -O2  conftest.c >&5
configure:5562: $? = 0
configure:5566: /usr/bin/nm -p conftest.o \| sed -n -e 's/^.*[ 	]\([BCDEGRST][BCDEGRST]*\)[ 	][ 	]*\(\)\([_A-Za-z][_A-Za-z0-9]*\)$/\1 \2\3 \3/p' \> conftest.nm
configure:5569: $? = 0
cannot find nm_test_var in conftest.nm
configure:5559: gcc -c -g -O2  conftest.c >&5
configure:5562: $? = 0
configure:5566: /usr/bin/nm -p conftest.o \| sed -n -e 's/^.*[ 	]\([BCDEGRST][BCDEGRST]*\)[ 	][ 	]*\(_\)\([_A-Za-z][_A-Za-z0-9]*\)$/\1 \2\3 \3/p' \> conftest.nm
configure:5569: $? = 0
configure:5621: gcc -o conftest -g -O2   conftest.c conftstm.o >&5
configure:5624: $? = 0
configure:5662: result: ok
configure:5666: checking for objdir
configure:5681: result: .libs
configure:5771: checking for ar
configure:5787: found /usr/bin/ar
configure:5798: result: ar
configure:5851: checking for ranlib
configure:5867: found /usr/bin/ranlib
configure:5878: result: ranlib
configure:5931: checking for strip
configure:5947: found /usr/bin/strip
configure:5958: result: strip
configure:6222: checking if gcc static flag  works
configure:6245: result: yes
configure:6263: checking if gcc supports -fno-rtti -fno-exceptions
configure:6285: gcc -c -g -O2  -fno-rtti -fno-exceptions conftest.c >&5
cc1: warning: "-frtti" is valid for C++ but not for C/ObjC
configure:6289: $? = 0
configure:6296: result: no
configure:6311: checking for gcc option to produce PIC
configure:6498: result: -fno-common
configure:6506: checking if gcc PIC flag -fno-common works
configure:6528: gcc -c -g -O2  -fno-common -DPIC conftest.c >&5
configure:6532: $? = 0
configure:6539: result: yes
configure:6563: checking if gcc supports -c -o file.o
configure:6588: gcc -c -g -O2  -o out/conftest2.o conftest.c >&5
configure:6592: $? = 0
configure:6608: result: yes
configure:6634: checking whether the gcc linker (/usr/bin/ld) supports shared libraries
configure:7483: result: yes
configure:7554: checking dynamic linker characteristics
configure:8094: result: darwin8.3.0 dyld
configure:8098: checking how to hardcode library paths into programs
configure:8123: result: immediate
configure:8137: checking whether stripping libraries is possible
configure:8150: result: yes
configure:8972: checking if libtool supports shared libraries
configure:8974: result: yes
configure:8977: checking whether to build shared libraries
configure:8998: result: yes
configure:9001: checking whether to build static libraries
configure:9005: result: yes
configure:9097: creating libtool
configure:9644: checking for ld used by g++
configure:9711: result: /usr/bin/ld
configure:9720: checking if the linker (/usr/bin/ld) is GNU ld
configure:9735: result: no
configure:9786: checking whether the g++ linker (/usr/bin/ld) supports shared libraries
configure:10651: result: yes
configure:10669: g++ -c -g -O2  conftest.cc >&5
configure:10672: $? = 0
configure:10768: checking for g++ option to produce PIC
configure:11030: result: -fno-common
configure:11038: checking if g++ PIC flag -fno-common works
configure:11060: g++ -c -g -O2  -fno-common -DPIC conftest.cc >&5
configure:11064: $? = 0
configure:11071: result: yes
configure:11095: checking if g++ supports -c -o file.o
configure:11120: g++ -c -g -O2  -o out/conftest2.o conftest.cc >&5
configure:11124: $? = 0
configure:11140: result: yes
configure:11166: checking whether the g++ linker (/usr/bin/ld) supports shared libraries
configure:11191: result: yes
configure:11262: checking dynamic linker characteristics
configure:11802: result: darwin8.3.0 dyld
configure:11806: checking how to hardcode library paths into programs
configure:11831: result: immediate
configure:11845: checking whether stripping libraries is possible
configure:11858: result: yes
configure:19111: checking for xapian-config
configure:19141: result: /usr/local/bin/xapian-config
configure:19153: checking /usr/local/bin/xapian-config works
/usr/local/lib/libxapianqueryparser.la /usr/local/lib/libxapian.la
configure:19157: result: yes
configure:19270: checking for C++ compiler version
configure:19273: g++ --version </dev/null >&5
g++ (GCC) 3.3 20030304 (Apple Computer, Inc. build 1640)
Copyright (C) 2002 Free Software Foundation, Inc.
This is free software; see the source for copying conditions.  There is NO
warranty; not even for MERCHANTABILITY or FITNESS FOR A PARTICULAR PURPOSE.

configure:19276: $? = 0
configure:19278: g++ -v </dev/null >&5
Reading specs from /usr/libexec/gcc/darwin/ppc/3.3/specs
Thread model: posix
gcc version 3.3 20030304 (Apple Computer, Inc. build 1640)
configure:19281: $? = 0
configure:19283: g++ -V </dev/null >&5
g++: `-V' option must have argument
configure:19286: $? = 1
configure:19289: checking whether we are using the GNU C++ compiler
configure:19345: result: yes
configure:19351: checking whether g++ accepts -g
configure:19402: result: yes
configure:19444: g++ -c -g -O2 -I/usr/local/include  conftest.cc >&5
configure:19450: $? = 0
configure:19454: test -z 
			 || test ! -s conftest.err
configure:19457: $? = 0
configure:19460: test -s conftest.o
configure:19463: $? = 0
configure:19489: g++ -c -g -O2 -I/usr/local/include  conftest.cc >&5
configure:19495: $? = 0
configure:19499: test -z 
			 || test ! -s conftest.err
configure:19502: $? = 0
configure:19505: test -s conftest.o
configure:19508: $? = 0
configure:19533: checking dependency style of g++
configure:19623: result: gcc3
configure:19781: creating ./config.status

## ---------------------- ##
## Running config.status. ##
## ---------------------- ##

This file was extended by xapian-examples config.status 0.8.5, which was
generated by GNU Autoconf 2.59.  Invocation command line was

  CONFIG_FILES    = 
  CONFIG_HEADERS  = 
  CONFIG_LINKS    = 
  CONFIG_COMMANDS = 
  $ ./config.status 

on Philip-Neustroms-Computer.local

config.status:717: creating Makefile
config.status:821: creating config.h
config.status:929: config.h is unchanged
config.status:1109: executing depfiles commands

## ---------------- ##
## Cache variables. ##
## ---------------- ##

ac_cv_build=powerpc-apple-darwin8.3.0
ac_cv_build_alias=powerpc-apple-darwin8.3.0
ac_cv_c_compiler_gnu=yes
ac_cv_cxx_compiler_gnu=yes
ac_cv_env_CC_set=
ac_cv_env_CC_value=
ac_cv_env_CFLAGS_set=
ac_cv_env_CFLAGS_value=
ac_cv_env_CPPFLAGS_set=
ac_cv_env_CPPFLAGS_value=
ac_cv_env_CPP_set=
ac_cv_env_CPP_value=
ac_cv_env_CXXCPP_set=
ac_cv_env_CXXCPP_value=
ac_cv_env_CXXFLAGS_set=
ac_cv_env_CXXFLAGS_value=
ac_cv_env_CXX_set=
ac_cv_env_CXX_value=
ac_cv_env_F77_set=
ac_cv_env_F77_value=
ac_cv_env_FFLAGS_set=
ac_cv_env_FFLAGS_value=
ac_cv_env_LDFLAGS_set=
ac_cv_env_LDFLAGS_value=
ac_cv_env_XAPIAN_CONFIG_set=set
ac_cv_env_XAPIAN_CONFIG_value=/usr/local/bin/xapian-config
ac_cv_env_build_alias_set=
ac_cv_env_build_alias_value=
ac_cv_env_host_alias_set=
ac_cv_env_host_alias_value=
ac_cv_env_target_alias_set=
ac_cv_env_target_alias_value=
ac_cv_exeext=
ac_cv_f77_compiler_gnu=no
ac_cv_header_dlfcn_h=yes
ac_cv_header_inttypes_h=yes
ac_cv_header_memory_h=yes
ac_cv_header_stdc=yes
ac_cv_header_stdint_h=yes
ac_cv_header_stdlib_h=yes
ac_cv_header_string_h=yes
ac_cv_header_strings_h=yes
ac_cv_header_sys_stat_h=yes
ac_cv_header_sys_types_h=yes
ac_cv_header_unistd_h=yes
ac_cv_host=powerpc-apple-darwin8.3.0
ac_cv_host_alias=powerpc-apple-darwin8.3.0
ac_cv_objext=o
ac_cv_path_XAPIAN_CONFIG=/usr/local/bin/xapian-config
ac_cv_path_install='/usr/bin/install -c'
ac_cv_prog_AWK=awk
ac_cv_prog_CPP='gcc -E'
ac_cv_prog_CXXCPP='g++ -E'
ac_cv_prog_ac_ct_AR=ar
ac_cv_prog_ac_ct_CC=gcc
ac_cv_prog_ac_ct_CXX=g++
ac_cv_prog_ac_ct_RANLIB=ranlib
ac_cv_prog_ac_ct_STRIP=strip
ac_cv_prog_cc_g=yes
ac_cv_prog_cc_stdc=
ac_cv_prog_cxx_g=yes
ac_cv_prog_egrep='grep -E'
ac_cv_prog_f77_g=no
ac_cv_prog_make_make_set=yes
am_cv_CC_dependencies_compiler_type=gcc3
am_cv_CXX_dependencies_compiler_type=gcc3
lt_cv_deplibs_check_method=pass_all
lt_cv_file_magic_cmd='$MAGIC_CMD'
lt_cv_file_magic_test_file=
lt_cv_ld_reload_flag=-r
lt_cv_objdir=.libs
lt_cv_path_LD=/usr/bin/ld
lt_cv_path_LDCXX=/usr/bin/ld
lt_cv_path_NM='/usr/bin/nm -p'
lt_cv_path_SED=/usr/bin/sed
lt_cv_prog_compiler_c_o=yes
lt_cv_prog_compiler_c_o_CXX=yes
lt_cv_prog_compiler_rtti_exceptions=no
lt_cv_prog_gnu_ld=no
lt_cv_prog_gnu_ldcxx=no
lt_cv_sys_global_symbol_pipe='sed -n -e '\''s/^.*[ 	]\([BCDEGRST][BCDEGRST]*\)[ 	][ 	]*\(_\)\([_A-Za-z][_A-Za-z0-9]*\)$/\1 \2\3 \3/p'\'''
lt_cv_sys_global_symbol_to_c_name_address='sed -n -e '\''s/^: \([^ ]*\) $/  {\"\1\", (lt_ptr) 0},/p'\'' -e '\''s/^[BCDEGRST] \([^ ]*\) \([^ ]*\)$/  {"\2", (lt_ptr) \&\2},/p'\'''
lt_cv_sys_global_symbol_to_cdecl='sed -n -e '\''s/^. .* \(.*\)$/extern int \1;/p'\'''
lt_cv_sys_max_cmd_len=65536
lt_lt_cv_prog_compiler_c_o='"yes"'
lt_lt_cv_prog_compiler_c_o_CXX='"yes"'
lt_lt_cv_sys_global_symbol_pipe='"sed -n -e '\''s/^.*[ 	]\\([BCDEGRST][BCDEGRST]*\\)[ 	][ 	]*\\(_\\)\\([_A-Za-z][_A-Za-z0-9]*\\)\$/\\1 \\2\\3 \\3/p'\''"'
lt_lt_cv_sys_global_symbol_to_c_name_address='"sed -n -e '\''s/^: \\([^ ]*\\) \$/  {\\\"\\1\\\", (lt_ptr) 0},/p'\'' -e '\''s/^[BCDEGRST] \\([^ ]*\\) \\([^ ]*\\)\$/  {\"\\2\", (lt_ptr) \\&\\2},/p'\''"'
lt_lt_cv_sys_global_symbol_to_cdecl='"sed -n -e '\''s/^. .* \\(.*\\)\$/extern int \\1;/p'\''"'

## ----------------- ##
## Output variables. ##
## ----------------- ##

ACLOCAL='${SHELL} /Library/WebServer/util_apps/search_sources/missing --run aclocal-1.8'
AMDEPBACKSLASH='\'
AMDEP_FALSE='#'
AMDEP_TRUE=''
AMTAR='${SHELL} /Library/WebServer/util_apps/search_sources/missing --run tar'
AM_CXXFLAGS=' -Wall -W -Wno-long-long -fno-gnu-keywords'
AR='ar'
AUTOCONF='${SHELL} /Library/WebServer/util_apps/search_sources/missing --run autoconf'
AUTOHEADER='${SHELL} /Library/WebServer/util_apps/search_sources/missing --run autoheader'
AUTOMAKE='${SHELL} /Library/WebServer/util_apps/search_sources/missing --run automake-1.8'
AWK='awk'
CC='gcc'
CCDEPMODE='depmode=gcc3'
CFLAGS='-g -O2'
CPP='gcc -E'
CPPFLAGS=''
CXX='g++'
CXXCPP='g++ -E'
CXXDEPMODE='depmode=gcc3'
CXXFLAGS='-g -O2 -I/usr/local/include'
CYGPATH_W='echo'
DEFS='-DHAVE_CONFIG_H'
DEPDIR='.deps'
ECHO='echo'
ECHO_C=''
ECHO_N='-n'
ECHO_T=''
EGREP='grep -E'
EXEEXT=''
F77=''
FFLAGS=''
INSTALL_DATA='${INSTALL} -m 644'
INSTALL_PROGRAM='${INSTALL}'
INSTALL_SCRIPT='${INSTALL}'
INSTALL_STRIP_PROGRAM='${SHELL} $(install_sh) -c -s'
LDFLAGS=''
LIBOBJS=''
LIBS=''
LIBTOOL='$(SHELL) $(top_builddir)/libtool'
LN_S='ln -s'
LTLIBOBJS=''
MAKEINFO='${SHELL} /Library/WebServer/util_apps/search_sources/missing --run makeinfo'
OBJEXT='o'
PACKAGE='xapian-examples'
PACKAGE_BUGREPORT=''
PACKAGE_NAME='xapian-examples'
PACKAGE_STRING='xapian-examples 0.8.5'
PACKAGE_TARNAME='xapian-examples'
PACKAGE_VERSION='0.8.5'
PATH_SEPARATOR=':'
RANLIB='ranlib'
SET_MAKE=''
SHELL='/bin/sh'
STRIP='strip'
VERSION='0.8.5'
XAPIAN_CONFIG='/usr/local/bin/xapian-config'
XAPIAN_CXXFLAGS='-I/usr/local/include'
XAPIAN_LIBS='/usr/local/lib/libxapianqueryparser.la /usr/local/lib/libxapian.la'
XAPIAN_VERSION='0.8.5'
ac_ct_AR='ar'
ac_ct_CC='gcc'
ac_ct_CXX='g++'
ac_ct_F77=''
ac_ct_RANLIB='ranlib'
ac_ct_STRIP='strip'
am__fastdepCC_FALSE='#'
am__fastdepCC_TRUE=''
am__fastdepCXX_FALSE='#'
am__fastdepCXX_TRUE=''
am__include='include'
am__leading_dot='.'
am__quote=''
bindir='${exec_prefix}/bin'
build='powerpc-apple-darwin8.3.0'
build_alias=''
build_cpu='powerpc'
build_os='darwin8.3.0'
build_vendor='apple'
datadir='${prefix}/share'
exec_prefix='${prefix}'
host='powerpc-apple-darwin8.3.0'
host_alias=''
host_cpu='powerpc'
host_os='darwin8.3.0'
host_vendor='apple'
includedir='${prefix}/include'
infodir='${prefix}/info'
install_sh='/Library/WebServer/util_apps/search_sources/install-sh'
libdir='${exec_prefix}/lib'
libexecdir='${exec_prefix}/libexec'
localstatedir='${prefix}/var'
mandir='${prefix}/man'
mkdir_p='$(mkinstalldirs)'
oldincludedir='/usr/include'
prefix='/usr/local'
program_transform_name='s,x,x,'
sbindir='${exec_prefix}/sbin'
sharedstatedir='${prefix}/com'
sysconfdir='${prefix}/etc'
target_alias=''

## ----------- ##
## confdefs.h. ##
## ----------- ##

#define HAVE_DLFCN_H 1
#define HAVE_INTTYPES_H 1
#define HAVE_MEMORY_H 1
#define HAVE_STDINT_H 1
#define HAVE_STDLIB_H 1
#define HAVE_STRINGS_H 1
#define HAVE_STRING_H 1
#define HAVE_SYS_STAT_H 1
#define HAVE_SYS_TYPES_H 1
#define HAVE_UNISTD_H 1
#define PACKAGE "xapian-examples"
#define PACKAGE_BUGREPORT ""
#define PACKAGE_NAME "xapian-examples"
#define PACKAGE_STRING "xapian-examples 0.8.5"
#define PACKAGE_TARNAME "xapian-examples"
#define PACKAGE_VERSION "0.8.5"
#define STDC_HEADERS 1
#define VERSION "0.8.5"
#endif
#ifdef __cplusplus
extern "C" void std::exit (int) throw (); using std::exit;

configure: exit 0
